[debug] [2023-02-07T05:11:43.410Z] ----------------------------------------------------------------------
[debug] [2023-02-07T05:11:43.413Z] Command:       C:\Program Files\nodejs\node.exe C:\Users\Akhtar\AppData\Roaming\npm\node_modules\firebase-tools\lib\bin\firebase.js init
[debug] [2023-02-07T05:11:43.414Z] CLI Version:   11.22.0
[debug] [2023-02-07T05:11:43.415Z] Platform:      win32
[debug] [2023-02-07T05:11:43.415Z] Node Version:  v18.14.0
[debug] [2023-02-07T05:11:43.416Z] Time:          Mon Feb 06 2023 21:11:43 GMT-0800 (Pacific Standard Time)
[debug] [2023-02-07T05:11:43.417Z] ----------------------------------------------------------------------
[debug] 
[debug] [2023-02-07T05:11:43.430Z] > command requires scopes: ["email","openid","https://www.googleapis.com/auth/cloudplatformprojects.readonly","https://www.googleapis.com/auth/firebase","https://www.googleapis.com/auth/cloud-platform"]
[debug] [2023-02-07T05:11:43.431Z] > authorizing via signed-in user (akhtarkhansm@gmail.com)
[info] 
     ######## #### ########  ######## ########     ###     ######  ########
     ##        ##  ##     ## ##       ##     ##  ##   ##  ##       ##
     ######    ##  ########  ######   ########  #########  ######  ######
     ##        ##  ##    ##  ##       ##     ## ##     ##       ## ##
     ##       #### ##     ## ######## ########  ##     ##  ######  ########

You're about to initialize a Firebase project in this directory:

  C:\Users\Akhtar\Desktop\Degital Clock

[info] 
=== Project Setup
[info] 
[info] First, let's associate this project directory with a Firebase project.
[info] You can create multiple project aliases by running firebase use --add, 
[info] but for now we'll just set up a default project.
[info] 
[debug] [2023-02-07T05:12:04.730Z] > refreshing access token with scopes: []
[debug] [2023-02-07T05:12:04.734Z] >>> [apiv2][query] POST https://www.googleapis.com/oauth2/v3/token [none]
[debug] [2023-02-07T05:12:04.734Z] >>> [apiv2][body] POST https://www.googleapis.com/oauth2/v3/token [omitted]
[debug] [2023-02-07T05:12:05.341Z] <<< [apiv2][status] POST https://www.googleapis.com/oauth2/v3/token 200
[debug] [2023-02-07T05:12:05.341Z] <<< [apiv2][body] POST https://www.googleapis.com/oauth2/v3/token [omitted]
[debug] [2023-02-07T05:12:05.478Z] >>> [apiv2][query] GET https://firebase.googleapis.com/v1beta1/projects pageSize=100
[debug] [2023-02-07T05:12:06.502Z] <<< [apiv2][status] GET https://firebase.googleapis.com/v1beta1/projects 200
[debug] [2023-02-07T05:12:06.503Z] <<< [apiv2][body] GET https://firebase.googleapis.com/v1beta1/projects [omitted]
[info] i  Using project clocky-a1784 (clocky) 
[info] 
=== Hosting Setup
[info] 
[info] Your public directory is the folder (relative to your project directory) that
[info] will contain Hosting assets to be uploaded with firebase deploy. If you
[info] have a build process for your assets, use your build's output directory.
[info] 
[debug] [2023-02-07T05:12:22.110Z] >>> [apiv2][query] GET https://www.gstatic.com/firebasejs/releases.json [none]
[debug] [2023-02-07T05:12:22.646Z] <<< [apiv2][status] GET https://www.gstatic.com/firebasejs/releases.json 200
[debug] [2023-02-07T05:12:22.647Z] <<< [apiv2][body] GET https://www.gstatic.com/firebasejs/releases.json {"current":{"version":"9.17.1","browserURL":"https://www.gstatic.com/firebasejs/9.17.1/firebase.js","packageURL":"https://www.gstatic.com/firebasejs/9.17.1/firebase.tgz"},"live":{"version":"9.17","browserURL":"https://www.gstatic.com/firebasejs/live/9.17/firebase.js","packageURL":"https://www.gstatic.com/firebasejs/live/9.17/firebase.tgz"},"components":{"analytics":"https://www.gstatic.com/firebasejs/9.17.1/firebase-analytics.js","app":"https://www.gstatic.com/firebasejs/9.17.1/firebase-app.js","app-check":"https://www.gstatic.com/firebasejs/9.17.1/firebase-app-check.js","auth":"https://www.gstatic.com/firebasejs/9.17.1/firebase-auth.js","auth/cordova":"https://www.gstatic.com/firebasejs/9.17.1/firebase-auth/cordova.js","auth/react-native":"https://www.gstatic.com/firebasejs/9.17.1/firebase-auth/react-native.js","functions":"https://www.gstatic.com/firebasejs/9.17.1/firebase-functions.js","firestore":"https://www.gstatic.com/firebasejs/9.17.1/firebase-firestore.js","firestore/lite":"https://www.gstatic.com/firebasejs/9.17.1/firebase-firestore/lite.js","installations":"https://www.gstatic.com/firebasejs/9.17.1/firebase-installations.js","storage":"https://www.gstatic.com/firebasejs/9.17.1/firebase-storage.js","performance":"https://www.gstatic.com/firebasejs/9.17.1/firebase-performance.js","remote-config":"https://www.gstatic.com/firebasejs/9.17.1/firebase-remote-config.js","messaging":"https://www.gstatic.com/firebasejs/9.17.1/firebase-messaging.js","messaging/sw":"https://www.gstatic.com/firebasejs/9.17.1/firebase-messaging/sw.js","database":"https://www.gstatic.com/firebasejs/9.17.1/firebase-database.js","firestore.memory":"https://www.gstatic.com/firebasejs/9.17.1/firebase-firestore.memory.js"}}
[info] +  Wrote y/index.html 
[info] 
[info] i  Didn't detect a .git folder. Assuming C:\Users\Akhtar\Desktop\Degital Clock is the project root. 
[info] i  Authorizing with GitHub to upload your service account to a GitHub repository's secrets store. 
[info] 
[info] Visit this URL on this device to log in:
[info] https://github.com/login/oauth/authorize?client_id=89cf50f02ac6aaed3484&state=566261157&redirect_uri=http%3A%2F%2Flocalhost%3A9005&scope=read%3Auser%20repo%20public_repo
[info] 
[info] Waiting for authentication...
[debug] [2023-02-07T05:12:35.908Z] >>> [apiv2][query] POST https://github.com/login/oauth/access_token [none]
[debug] [2023-02-07T05:12:35.909Z] >>> [apiv2][body] POST https://github.com/login/oauth/access_token [stream]
[debug] [2023-02-07T05:12:36.581Z] <<< [apiv2][status] POST https://github.com/login/oauth/access_token 200
[debug] [2023-02-07T05:12:36.582Z] <<< [apiv2][body] POST https://github.com/login/oauth/access_token {"access_token":"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","token_type":"bearer","scope":"read:user,repo"}
[debug] [2023-02-07T05:12:36.631Z] >>> [apiv2][query] GET https://api.github.com/user [none]
[debug] [2023-02-07T05:12:37.352Z] <<< [apiv2][status] GET https://api.github.com/user 200
[debug] [2023-02-07T05:12:37.352Z] <<< [apiv2][body] GET https://api.github.com/user {"login":"developer-ux","id":124601673,"node_id":"U_kgDOB21FSQ","avatar_url":"https://avatars.githubusercontent.com/u/124601673?v=4","gravatar_id":"","url":"https://api.github.com/users/developer-ux","html_url":"https://github.com/developer-ux","followers_url":"https://api.github.com/users/developer-ux/followers","following_url":"https://api.github.com/users/developer-ux/following{/other_user}","gists_url":"https://api.github.com/users/developer-ux/gists{/gist_id}","starred_url":"https://api.github.com/users/developer-ux/starred{/owner}{/repo}","subscriptions_url":"https://api.github.com/users/developer-ux/subscriptions","organizations_url":"https://api.github.com/users/developer-ux/orgs","repos_url":"https://api.github.com/users/developer-ux/repos","events_url":"https://api.github.com/users/developer-ux/events{/privacy}","received_events_url":"https://api.github.com/users/developer-ux/received_events","type":"User","site_admin":false,"name":null,"company":null,"blog":"","location":null,"email":null,"hireable":null,"bio":null,"twitter_username":null,"public_repos":0,"public_gists":0,"followers":0,"following":0,"created_at":"2023-02-06T16:03:17Z","updated_at":"2023-02-06T16:03:17Z","private_gists":0,"total_private_repos":0,"owned_private_repos":0,"disk_usage":0,"collaborators":0,"two_factor_authentication":false,"plan":{"name":"free","space":976562499,"collaborators":0,"private_repos":10000}}
[info] 
[info] +  Success! Logged into GitHub as developer-ux 
[info] 
